<?xml version="1.0" encoding="UTF-8"?>
<coverage generated="1604275212234" clover="3.2.0">
  <project timestamp="1604275212234" name="All files">
    <metrics statements="27" coveredstatements="12" conditionals="0" coveredconditionals="0" methods="11" coveredmethods="2" elements="38" coveredelements="14" complexity="0" loc="27" ncloc="27" packages="2" files="4" classes="4"/>
    <package name="src">
      <metrics statements="3" coveredstatements="3" conditionals="0" coveredconditionals="0" methods="0" coveredmethods="0"/>
      <file name="App.vue" path="/Users/yoonchulro/Leo Ro/NCSU/SE/American-Football-Analytics-Application/vue-app/src/App.vue">
        <metrics statements="2" coveredstatements="2" conditionals="0" coveredconditionals="0" methods="0" coveredmethods="0"/>
        <line num="25" count="1" type="stmt"/>
        <line num="26" count="1" type="stmt"/>
      </file>
      <file name="event-bus.js" path="/Users/yoonchulro/Leo Ro/NCSU/SE/American-Football-Analytics-Application/vue-app/src/event-bus.js">
        <metrics statements="1" coveredstatements="1" conditionals="0" coveredconditionals="0" methods="0" coveredmethods="0"/>
        <line num="3" count="2" type="stmt"/>
      </file>
    </package>
    <package name="src.components">
      <metrics statements="24" coveredstatements="9" conditionals="0" coveredconditionals="0" methods="11" coveredmethods="2"/>
      <file name="DisplayPhotos.vue" path="/Users/yoonchulro/Leo Ro/NCSU/SE/American-Football-Analytics-Application/vue-app/src/components/DisplayPhotos.vue">
        <metrics statements="15" coveredstatements="2" conditionals="0" coveredconditionals="0" methods="8" coveredmethods="0"/>
        <line num="38" count="1" type="stmt"/>
        <line num="39" count="1" type="stmt"/>
        <line num="44" count="0" type="stmt"/>
        <line num="53" count="0" type="stmt"/>
        <line num="56" count="0" type="stmt"/>
        <line num="57" count="0" type="stmt"/>
        <line num="58" count="0" type="stmt"/>
        <line num="63" count="0" type="stmt"/>
        <line num="64" count="0" type="stmt"/>
        <line num="67" count="0" type="stmt"/>
        <line num="68" count="0" type="stmt"/>
        <line num="69" count="0" type="stmt"/>
        <line num="70" count="0" type="stmt"/>
        <line num="73" count="0" type="stmt"/>
        <line num="77" count="0" type="stmt"/>
      </file>
      <file name="UploadFile.vue" path="/Users/yoonchulro/Leo Ro/NCSU/SE/American-Football-Analytics-Application/vue-app/src/components/UploadFile.vue">
        <metrics statements="9" coveredstatements="7" conditionals="0" coveredconditionals="0" methods="3" coveredmethods="2"/>
        <line num="15" count="2" type="stmt"/>
        <line num="16" count="2" type="stmt"/>
        <line num="24" count="2" type="stmt"/>
        <line num="31" count="0" type="stmt"/>
        <line num="32" count="0" type="stmt"/>
        <line num="39" count="1" type="stmt"/>
        <line num="40" count="1" type="stmt"/>
        <line num="41" count="1" type="stmt"/>
        <line num="42" count="1" type="stmt"/>
      </file>
    </package>
  </project>
</coverage>
