TN:
SF:/Users/yoonchulro/Leo Ro/NCSU/SE/American-Football-Analytics-Application/vue-app/src/App.vue
FNF:0
FNH:0
DA:25,1
DA:26,1
LF:2
LH:2
BRF:0
BRH:0
end_of_record
TN:
SF:/Users/yoonchulro/Leo Ro/NCSU/SE/American-Football-Analytics-Application/vue-app/src/event-bus.js
FNF:0
FNH:0
DA:3,2
LF:1
LH:1
BRF:0
BRH:0
end_of_record
TN:
SF:/Users/yoonchulro/Leo Ro/NCSU/SE/American-Football-Analytics-Application/vue-app/src/components/DisplayPhotos.vue
FN:43,data
FN:52,isPhotoAvailable
FN:56,created
FN:57,(anonymous_4)
FN:63,getReport
FN:64,(anonymous_6)
FN:71,(anonymous_7)
FN:76,changeImage
FNF:8
FNH:0
FNDA:0,data
FNDA:0,isPhotoAvailable
FNDA:0,created
FNDA:0,(anonymous_4)
FNDA:0,getReport
FNDA:0,(anonymous_6)
FNDA:0,(anonymous_7)
FNDA:0,changeImage
DA:38,1
DA:39,1
DA:44,0
DA:53,0
DA:56,0
DA:57,0
DA:58,0
DA:63,0
DA:64,0
DA:67,0
DA:68,0
DA:69,0
DA:70,0
DA:73,0
DA:77,0
LF:15
LH:2
BRF:0
BRH:0
end_of_record
TN:
SF:/Users/yoonchulro/Leo Ro/NCSU/SE/American-Football-Analytics-Application/vue-app/src/components/UploadFile.vue
FN:23,data
FN:30,renameFile
FN:38,uploadSuccess
FNF:3
FNH:2
FNDA:2,data
FNDA:0,renameFile
FNDA:1,uploadSuccess
DA:15,2
DA:16,2
DA:24,2
DA:31,0
DA:32,0
DA:39,1
DA:40,1
DA:41,1
DA:42,1
LF:9
LH:7
BRF:0
BRH:0
end_of_record
